[08-Dec-2020 17:47:23 UTC] PHP Fatal error:  Composer detected issues in your platform: Your Composer dependencies require a PHP version ">= 7.4.1". You are running 7.2.34. in /home/vimfilec/paysprint.exbc.ca/paysprint/vendor/composer/platform_check.php on line 24
[01-Apr-2021 18:57:49 UTC] PHP Fatal error:  Allowed memory size of 134217728 bytes exhausted (tried to allocate 38430600 bytes) in /home/exbcca/paysprint.net/paysprint/vendor/laravel/framework/src/Illuminate/View/Engines/PhpEngine.php on line 50
[01-Apr-2021 18:58:40 UTC] PHP Fatal error:  Allowed memory size of 134217728 bytes exhausted (tried to allocate 38431944 bytes) in /home/exbcca/paysprint.net/paysprint/vendor/laravel/framework/src/Illuminate/View/Engines/PhpEngine.php on line 50
[01-Apr-2021 18:58:57 UTC] PHP Fatal error:  Allowed memory size of 134217728 bytes exhausted (tried to allocate 38433304 bytes) in /home/exbcca/paysprint.net/paysprint/vendor/laravel/framework/src/Illuminate/View/Engines/PhpEngine.php on line 50
[01-Apr-2021 18:59:06 UTC] PHP Fatal error:  Allowed memory size of 134217728 bytes exhausted (tried to allocate 38434656 bytes) in /home/exbcca/paysprint.net/paysprint/vendor/laravel/framework/src/Illuminate/View/Engines/PhpEngine.php on line 50
[03-Apr-2021 23:43:17 UTC] PHP Fatal error:  Allowed memory size of 134217728 bytes exhausted (tried to allocate 39541440 bytes) in /home/exbcca/paysprint.net/paysprint/vendor/laravel/framework/src/Illuminate/View/Engines/PhpEngine.php on line 50
[03-Apr-2021 23:45:10 UTC] PHP Fatal error:  Allowed memory size of 134217728 bytes exhausted (tried to allocate 39542800 bytes) in /home/exbcca/paysprint.net/paysprint/vendor/laravel/framework/src/Illuminate/View/Engines/PhpEngine.php on line 50
[03-Apr-2021 23:45:23 UTC] PHP Fatal error:  Allowed memory size of 134217728 bytes exhausted (tried to allocate 39544160 bytes) in /home/exbcca/paysprint.net/paysprint/vendor/laravel/framework/src/Illuminate/View/Engines/PhpEngine.php on line 50
[09-Apr-2021 22:02:00 UTC] PHP Fatal error:  Allowed memory size of 134217728 bytes exhausted (tried to allocate 46028720 bytes) in /home/exbcca/paysprint.net/paysprint/vendor/laravel/framework/src/Illuminate/View/Engines/PhpEngine.php on line 50
[09-Apr-2021 22:02:09 UTC] PHP Fatal error:  Allowed memory size of 134217728 bytes exhausted (tried to allocate 46030072 bytes) in /home/exbcca/paysprint.net/paysprint/vendor/laravel/framework/src/Illuminate/View/Engines/PhpEngine.php on line 50
[09-Apr-2021 22:02:23 UTC] PHP Fatal error:  Allowed memory size of 134217728 bytes exhausted (tried to allocate 46031432 bytes) in /home/exbcca/paysprint.net/paysprint/vendor/laravel/framework/src/Illuminate/View/Engines/PhpEngine.php on line 50
[12-Apr-2021 20:15:55 UTC] PHP Fatal error:  Allowed memory size of 134217728 bytes exhausted (tried to allocate 48126248 bytes) in /home/exbcca/paysprint.net/paysprint/vendor/laravel/framework/src/Illuminate/View/Engines/PhpEngine.php on line 50
[13-Apr-2021 08:30:12 UTC] PHP Fatal error:  Allowed memory size of 134217728 bytes exhausted (tried to allocate 48175224 bytes) in /home/exbcca/paysprint.net/paysprint/vendor/laravel/framework/src/Illuminate/View/Engines/PhpEngine.php on line 50
[13-Apr-2021 20:29:27 UTC] PHP Fatal error:  Allowed memory size of 134217728 bytes exhausted (tried to allocate 49218832 bytes) in /home/exbcca/paysprint.net/paysprint/vendor/laravel/framework/src/Illuminate/View/Engines/PhpEngine.php on line 50
[14-Apr-2021 20:00:53 UTC] PHP Warning:  require(/home/exbcca/paysprint.net/paysprint/vendor/autoload.php): failed to open stream: No such file or directory in /home/exbcca/paysprint.net/index.php on line 25
[14-Apr-2021 20:00:53 UTC] PHP Warning:  require(/home/exbcca/paysprint.net/paysprint/vendor/autoload.php): failed to open stream: No such file or directory in /home/exbcca/paysprint.net/index.php on line 25
[14-Apr-2021 20:00:53 UTC] PHP Fatal error:  require(): Failed opening required '/home/exbcca/paysprint.net/paysprint/vendor/autoload.php' (include_path='.:/opt/alt/php74/usr/share/pear') in /home/exbcca/paysprint.net/index.php on line 25
[14-Apr-2021 20:00:55 UTC] PHP Warning:  require(/home/exbcca/paysprint.net/paysprint/vendor/autoload.php): failed to open stream: No such file or directory in /home/exbcca/paysprint.net/index.php on line 25
[14-Apr-2021 20:00:55 UTC] PHP Warning:  require(/home/exbcca/paysprint.net/paysprint/vendor/autoload.php): failed to open stream: No such file or directory in /home/exbcca/paysprint.net/index.php on line 25
[14-Apr-2021 20:00:55 UTC] PHP Fatal error:  require(): Failed opening required '/home/exbcca/paysprint.net/paysprint/vendor/autoload.php' (include_path='.:/opt/alt/php74/usr/share/pear') in /home/exbcca/paysprint.net/index.php on line 25
[14-Apr-2021 20:00:58 UTC] PHP Warning:  require(/home/exbcca/paysprint.net/paysprint/vendor/autoload.php): failed to open stream: No such file or directory in /home/exbcca/paysprint.net/index.php on line 25
[14-Apr-2021 20:00:58 UTC] PHP Warning:  require(/home/exbcca/paysprint.net/paysprint/vendor/autoload.php): failed to open stream: No such file or directory in /home/exbcca/paysprint.net/index.php on line 25
[14-Apr-2021 20:00:58 UTC] PHP Fatal error:  require(): Failed opening required '/home/exbcca/paysprint.net/paysprint/vendor/autoload.php' (include_path='.:/opt/alt/php74/usr/share/pear') in /home/exbcca/paysprint.net/index.php on line 25
[07-May-2021 18:56:30 UTC] PHP Warning:  require(/home/exbcca/paysprint.net/paysprint/vendor/autoload.php): failed to open stream: No such file or directory in /home/exbcca/paysprint.net/index.php on line 25
[07-May-2021 18:56:30 UTC] PHP Warning:  require(/home/exbcca/paysprint.net/paysprint/vendor/autoload.php): failed to open stream: No such file or directory in /home/exbcca/paysprint.net/index.php on line 25
[07-May-2021 18:56:30 UTC] PHP Fatal error:  require(): Failed opening required '/home/exbcca/paysprint.net/paysprint/vendor/autoload.php' (include_path='.:/opt/alt/php74/usr/share/pear') in /home/exbcca/paysprint.net/index.php on line 25
[07-May-2021 18:56:36 UTC] PHP Warning:  require(/home/exbcca/paysprint.net/paysprint/vendor/composer/../zendframework/zend-diactoros/src/functions/create_uploaded_file.php): failed to open stream: No such file or directory in /home/exbcca/paysprint.net/paysprint/vendor/composer/autoload_real.php on line 71
[07-May-2021 18:56:36 UTC] PHP Warning:  require(/home/exbcca/paysprint.net/paysprint/vendor/composer/../zendframework/zend-diactoros/src/functions/create_uploaded_file.php): failed to open stream: No such file or directory in /home/exbcca/paysprint.net/paysprint/vendor/composer/autoload_real.php on line 71
[07-May-2021 18:56:36 UTC] PHP Fatal error:  require(): Failed opening required '/home/exbcca/paysprint.net/paysprint/vendor/composer/../zendframework/zend-diactoros/src/functions/create_uploaded_file.php' (include_path='.:/opt/alt/php74/usr/share/pear') in /home/exbcca/paysprint.net/paysprint/vendor/composer/autoload_real.php on line 71
[14-May-2021 02:21:01 UTC] PHP Warning:  require(/home/exbcca/paysprint.net/paysprint/vendor/autoload.php): failed to open stream: No such file or directory in /home/exbcca/paysprint.net/index.php on line 25
[14-May-2021 02:21:01 UTC] PHP Fatal error:  require(): Failed opening required '/home/exbcca/paysprint.net/paysprint/vendor/autoload.php' (include_path='.:/opt/cpanel/ea-php74/root/usr/share/pear') in /home/exbcca/paysprint.net/index.php on line 25
[14-May-2021 02:21:01 UTC] PHP Warning:  require(/home/exbcca/paysprint.net/paysprint/vendor/autoload.php): failed to open stream: No such file or directory in /home/exbcca/paysprint.net/index.php on line 25
[14-May-2021 02:21:01 UTC] PHP Fatal error:  require(): Failed opening required '/home/exbcca/paysprint.net/paysprint/vendor/autoload.php' (include_path='.:/opt/cpanel/ea-php74/root/usr/share/pear') in /home/exbcca/paysprint.net/index.php on line 25
[14-May-2021 02:29:49 UTC] PHP Fatal error:  Allowed memory size of 33554432 bytes exhausted (tried to allocate 8192 bytes) in /home/exbcca/paysprint.net/paysprint/vendor/rap2hpoutre/laravel-log-viewer/src/Rap2hpoutre/LaravelLogViewer/LaravelLogViewer.php on line 191
[14-May-2021 02:29:57 UTC] PHP Fatal error:  Allowed memory size of 33554432 bytes exhausted (tried to allocate 266240 bytes) in /home/exbcca/paysprint.net/paysprint/vendor/rap2hpoutre/laravel-log-viewer/src/Rap2hpoutre/LaravelLogViewer/LaravelLogViewer.php on line 218
[14-May-2021 02:38:35 UTC] PHP Fatal error:  Allowed memory size of 33554432 bytes exhausted (tried to allocate 8192 bytes) in /home/exbcca/paysprint.net/paysprint/vendor/rap2hpoutre/laravel-log-viewer/src/Rap2hpoutre/LaravelLogViewer/LaravelLogViewer.php on line 191
[14-May-2021 17:44:47 UTC] PHP Fatal error:  Allowed memory size of 33554432 bytes exhausted (tried to allocate 20480 bytes) in /home/exbcca/paysprint.net/paysprint/vendor/rap2hpoutre/laravel-log-viewer/src/Rap2hpoutre/LaravelLogViewer/LaravelLogViewer.php on line 183
[17-May-2021 19:39:01 UTC] PHP Warning:  require(/home/exbcca/paysprint.net/paysprint/vendor/autoload.php): failed to open stream: No such file or directory in /home/exbcca/paysprint.net/index.php on line 25
[17-May-2021 19:39:01 UTC] PHP Fatal error:  require(): Failed opening required '/home/exbcca/paysprint.net/paysprint/vendor/autoload.php' (include_path='.:/opt/cpanel/ea-php74/root/usr/share/pear') in /home/exbcca/paysprint.net/index.php on line 25
[17-May-2021 19:39:01 UTC] PHP Warning:  require(/home/exbcca/paysprint.net/paysprint/vendor/autoload.php): failed to open stream: No such file or directory in /home/exbcca/paysprint.net/index.php on line 25
[17-May-2021 19:39:01 UTC] PHP Fatal error:  require(): Failed opening required '/home/exbcca/paysprint.net/paysprint/vendor/autoload.php' (include_path='.:/opt/cpanel/ea-php74/root/usr/share/pear') in /home/exbcca/paysprint.net/index.php on line 25
[30-Jun-2021 18:45:02 UTC] PHP Warning:  require(/home/exbcca/paysprint.net/paysprint/vendor/autoload.php): failed to open stream: No such file or directory in /home/exbcca/paysprint.net/index.php on line 25
[30-Jun-2021 18:45:02 UTC] PHP Fatal error:  require(): Failed opening required '/home/exbcca/paysprint.net/paysprint/vendor/autoload.php' (include_path='.:/opt/cpanel/ea-php74/root/usr/share/pear') in /home/exbcca/paysprint.net/index.php on line 25
[30-Jun-2021 18:45:02 UTC] PHP Warning:  require(/home/exbcca/paysprint.net/paysprint/vendor/autoload.php): failed to open stream: No such file or directory in /home/exbcca/paysprint.net/index.php on line 25
[30-Jun-2021 18:45:02 UTC] PHP Fatal error:  require(): Failed opening required '/home/exbcca/paysprint.net/paysprint/vendor/autoload.php' (include_path='.:/opt/cpanel/ea-php74/root/usr/share/pear') in /home/exbcca/paysprint.net/index.php on line 25
[30-Jun-2021 18:45:02 UTC] PHP Warning:  require(/home/exbcca/paysprint.net/paysprint/vendor/autoload.php): failed to open stream: No such file or directory in /home/exbcca/paysprint.net/index.php on line 25
[30-Jun-2021 18:45:02 UTC] PHP Fatal error:  require(): Failed opening required '/home/exbcca/paysprint.net/paysprint/vendor/autoload.php' (include_path='.:/opt/cpanel/ea-php74/root/usr/share/pear') in /home/exbcca/paysprint.net/index.php on line 25
[30-Jun-2021 18:45:02 UTC] PHP Warning:  require(/home/exbcca/paysprint.net/paysprint/vendor/autoload.php): failed to open stream: No such file or directory in /home/exbcca/paysprint.net/index.php on line 25
[30-Jun-2021 18:45:02 UTC] PHP Fatal error:  require(): Failed opening required '/home/exbcca/paysprint.net/paysprint/vendor/autoload.php' (include_path='.:/opt/cpanel/ea-php74/root/usr/share/pear') in /home/exbcca/paysprint.net/index.php on line 25
[08-Jul-2021 12:38:02 UTC] PHP Warning:  require(/home/exbcca/paysprint.net/paysprint/vendor/autoload.php): failed to open stream: No such file or directory in /home/exbcca/paysprint.net/index.php on line 25
[08-Jul-2021 12:38:02 UTC] PHP Warning:  require(/home/exbcca/paysprint.net/paysprint/vendor/autoload.php): failed to open stream: No such file or directory in /home/exbcca/paysprint.net/index.php on line 25
[08-Jul-2021 12:38:02 UTC] PHP Fatal error:  require(): Failed opening required '/home/exbcca/paysprint.net/paysprint/vendor/autoload.php' (include_path='.:/opt/cpanel/ea-php74/root/usr/share/pear') in /home/exbcca/paysprint.net/index.php on line 25
[08-Jul-2021 12:38:02 UTC] PHP Warning:  require(/home/exbcca/paysprint.net/paysprint/vendor/autoload.php): failed to open stream: No such file or directory in /home/exbcca/paysprint.net/index.php on line 25
[08-Jul-2021 12:38:02 UTC] PHP Fatal error:  require(): Failed opening required '/home/exbcca/paysprint.net/paysprint/vendor/autoload.php' (include_path='.:/opt/cpanel/ea-php74/root/usr/share/pear') in /home/exbcca/paysprint.net/index.php on line 25
[08-Jul-2021 12:38:02 UTC] PHP Fatal error:  require(): Failed opening required '/home/exbcca/paysprint.net/paysprint/vendor/autoload.php' (include_path='.:/opt/cpanel/ea-php74/root/usr/share/pear') in /home/exbcca/paysprint.net/index.php on line 25
[08-Jul-2021 12:38:02 UTC] PHP Warning:  require(/home/exbcca/paysprint.net/paysprint/vendor/autoload.php): failed to open stream: No such file or directory in /home/exbcca/paysprint.net/index.php on line 25
[08-Jul-2021 12:38:02 UTC] PHP Fatal error:  require(): Failed opening required '/home/exbcca/paysprint.net/paysprint/vendor/autoload.php' (include_path='.:/opt/cpanel/ea-php74/root/usr/share/pear') in /home/exbcca/paysprint.net/index.php on line 25
[08-Jul-2021 12:38:02 UTC] PHP Warning:  require(/home/exbcca/paysprint.net/paysprint/vendor/autoload.php): failed to open stream: No such file or directory in /home/exbcca/paysprint.net/index.php on line 25
[08-Jul-2021 12:38:02 UTC] PHP Fatal error:  require(): Failed opening required '/home/exbcca/paysprint.net/paysprint/vendor/autoload.php' (include_path='.:/opt/cpanel/ea-php74/root/usr/share/pear') in /home/exbcca/paysprint.net/index.php on line 25
[09-Jul-2021 16:24:42 UTC] PHP Warning:  require(/home/exbcca/paysprint.net/paysprint/vendor/autoload.php): failed to open stream: No such file or directory in /home/exbcca/paysprint.net/index.php on line 25
[09-Jul-2021 16:24:42 UTC] PHP Fatal error:  require(): Failed opening required '/home/exbcca/paysprint.net/paysprint/vendor/autoload.php' (include_path='.:/opt/cpanel/ea-php74/root/usr/share/pear') in /home/exbcca/paysprint.net/index.php on line 25
[09-Jul-2021 16:24:45 UTC] PHP Warning:  require(/home/exbcca/paysprint.net/paysprint/vendor/autoload.php): failed to open stream: No such file or directory in /home/exbcca/paysprint.net/index.php on line 25
[09-Jul-2021 16:24:45 UTC] PHP Fatal error:  require(): Failed opening required '/home/exbcca/paysprint.net/paysprint/vendor/autoload.php' (include_path='.:/opt/cpanel/ea-php74/root/usr/share/pear') in /home/exbcca/paysprint.net/index.php on line 25
[10-Jul-2021 19:20:40 UTC] PHP Fatal error:  Allowed memory size of 33554432 bytes exhausted (tried to allocate 2462408 bytes) in /home/exbcca/paysprint.net/paysprint/vendor/laravel/framework/src/Illuminate/View/Engines/PhpEngine.php on line 50
[12-Jul-2021 11:24:46 UTC] PHP Fatal error:  Allowed memory size of 33554432 bytes exhausted (tried to allocate 3012768 bytes) in /home/exbcca/paysprint.net/paysprint/vendor/laravel/framework/src/Illuminate/View/Engines/PhpEngine.php on line 50
[12-Jul-2021 17:35:19 UTC] PHP Warning:  require(/home/exbcca/paysprint.net/paysprint/vendor/autoload.php): failed to open stream: No such file or directory in /home/exbcca/paysprint.net/index.php on line 25
[12-Jul-2021 17:35:19 UTC] PHP Fatal error:  require(): Failed opening required '/home/exbcca/paysprint.net/paysprint/vendor/autoload.php' (include_path='.:/opt/cpanel/ea-php74/root/usr/share/pear') in /home/exbcca/paysprint.net/index.php on line 25
[12-Jul-2021 20:39:52 UTC] PHP Fatal error:  Allowed memory size of 33554432 bytes exhausted (tried to allocate 3187568 bytes) in /home/exbcca/paysprint.net/paysprint/vendor/laravel/framework/src/Illuminate/View/Engines/PhpEngine.php on line 50
[13-Jul-2021 12:27:27 UTC] PHP Fatal error:  Allowed memory size of 33554432 bytes exhausted (tried to allocate 3306016 bytes) in /home/exbcca/paysprint.net/paysprint/vendor/laravel/framework/src/Illuminate/View/Concerns/ManagesLayouts.php on line 93
[13-Jul-2021 12:45:47 UTC] PHP Fatal error:  Allowed memory size of 33554432 bytes exhausted (tried to allocate 3316240 bytes) in /home/exbcca/paysprint.net/paysprint/vendor/laravel/framework/src/Illuminate/View/Concerns/ManagesLayouts.php on line 93
[13-Jul-2021 12:47:05 UTC] PHP Fatal error:  Allowed memory size of 33554432 bytes exhausted (tried to allocate 3316240 bytes) in /home/exbcca/paysprint.net/paysprint/vendor/laravel/framework/src/Illuminate/View/Concerns/ManagesLayouts.php on line 93
[14-Jul-2021 14:22:11 UTC] PHP Warning:  require(/home/exbcca/paysprint.net/paysprint/vendor/autoload.php): failed to open stream: No such file or directory in /home/exbcca/paysprint.net/index.php on line 25
[14-Jul-2021 14:22:11 UTC] PHP Fatal error:  require(): Failed opening required '/home/exbcca/paysprint.net/paysprint/vendor/autoload.php' (include_path='.:/opt/cpanel/ea-php74/root/usr/share/pear') in /home/exbcca/paysprint.net/index.php on line 25
[26-Jul-2021 04:04:13 UTC] PHP Fatal error:  Maximum execution time of 30 seconds exceeded in /home/exbcca/paysprint.net/paysprint/vendor/swiftmailer/swiftmailer/lib/classes/Swift/Transport/StreamBuffer.php on line 223
[30-Jul-2021 15:27:02 UTC] PHP Fatal error:  Uncaught ErrorException: include(/home/exbcca/paysprint.net/paysprint/vendor/composer/../../app/Exceptions/Handler.php): failed to open stream: No such file or directory in /home/exbcca/paysprint.net/paysprint/vendor/composer/ClassLoader.php:480
Stack trace:
#0 /home/exbcca/paysprint.net/paysprint/vendor/composer/ClassLoader.php(480): Illuminate\Foundation\Bootstrap\HandleExceptions->handleError(2, 'include(/home/e...', '/home/exbcca/pa...', 480, Array)
#1 /home/exbcca/paysprint.net/paysprint/vendor/composer/ClassLoader.php(480): include()
#2 /home/exbcca/paysprint.net/paysprint/vendor/composer/ClassLoader.php(346): Composer\Autoload\includeFile('/home/exbcca/pa...')
#3 [internal function]: Composer\Autoload\ClassLoader->loadClass('App\\Exceptions\\...')
#4 [internal function]: spl_autoload_call('App\\Exceptions\\...')
#5 /home/exbcca/paysprint.net/paysprint/vendor/laravel/framework/src/Illuminate/Container/Container.php(767): ReflectionClass->__construct('App\\Exceptions\\...')
#6 /home/exbcca/paysprint.net/ in /home/exbcca/paysprint.net/paysprint/vendor/composer/ClassLoader.php on line 480
[30-Jul-2021 15:27:02 UTC] PHP Warning:  require(/home/exbcca/paysprint.net/paysprint/config/mail.php): failed to open stream: No such file or directory in /home/exbcca/paysprint.net/paysprint/vendor/laravel/framework/src/Illuminate/Foundation/Bootstrap/LoadConfiguration.php on line 71
[30-Jul-2021 15:27:02 UTC] PHP Fatal error:  require(): Failed opening required '/home/exbcca/paysprint.net/paysprint/config/mail.php' (include_path='.:/opt/cpanel/ea-php74/root/usr/share/pear') in /home/exbcca/paysprint.net/paysprint/vendor/laravel/framework/src/Illuminate/Foundation/Bootstrap/LoadConfiguration.php on line 71
[30-Jul-2021 15:27:02 UTC] PHP Fatal error:  Uncaught ErrorException: include(/home/exbcca/paysprint.net/paysprint/vendor/composer/../../app/Exceptions/Handler.php): failed to open stream: No such file or directory in /home/exbcca/paysprint.net/paysprint/vendor/composer/ClassLoader.php:480
Stack trace:
#0 /home/exbcca/paysprint.net/paysprint/vendor/composer/ClassLoader.php(480): Illuminate\Foundation\Bootstrap\HandleExceptions->handleError(2, 'include(/home/e...', '/home/exbcca/pa...', 480, Array)
#1 /home/exbcca/paysprint.net/paysprint/vendor/composer/ClassLoader.php(480): include()
#2 /home/exbcca/paysprint.net/paysprint/vendor/composer/ClassLoader.php(346): Composer\Autoload\includeFile('/home/exbcca/pa...')
#3 [internal function]: Composer\Autoload\ClassLoader->loadClass('App\\Exceptions\\...')
#4 [internal function]: spl_autoload_call('App\\Exceptions\\...')
#5 /home/exbcca/paysprint.net/paysprint/vendor/laravel/framework/src/Illuminate/Container/Container.php(767): ReflectionClass->__construct('App\\Exceptions\\...')
#6 /home/exbcca/paysprint.net/ in /home/exbcca/paysprint.net/paysprint/vendor/composer/ClassLoader.php on line 480
[30-Jul-2021 15:27:02 UTC] PHP Fatal error:  Uncaught ErrorException: include(/home/exbcca/paysprint.net/paysprint/vendor/composer/../../app/Exceptions/Handler.php): failed to open stream: No such file or directory in /home/exbcca/paysprint.net/paysprint/vendor/composer/ClassLoader.php:480
Stack trace:
#0 /home/exbcca/paysprint.net/paysprint/vendor/composer/ClassLoader.php(480): Illuminate\Foundation\Bootstrap\HandleExceptions->handleError(2, 'include(/home/e...', '/home/exbcca/pa...', 480, Array)
#1 /home/exbcca/paysprint.net/paysprint/vendor/composer/ClassLoader.php(480): include()
#2 /home/exbcca/paysprint.net/paysprint/vendor/composer/ClassLoader.php(346): Composer\Autoload\includeFile('/home/exbcca/pa...')
#3 [internal function]: Composer\Autoload\ClassLoader->loadClass('App\\Exceptions\\...')
#4 [internal function]: spl_autoload_call('App\\Exceptions\\...')
#5 /home/exbcca/paysprint.net/paysprint/vendor/laravel/framework/src/Illuminate/Container/Container.php(767): ReflectionClass->__construct('App\\Exceptions\\...')
#6 /home/exbcca/paysprint.net/ in /home/exbcca/paysprint.net/paysprint/vendor/composer/ClassLoader.php on line 480
[30-Jul-2021 15:27:02 UTC] PHP Fatal error:  Uncaught ErrorException: include(/home/exbcca/paysprint.net/paysprint/vendor/composer/../../app/Exceptions/Handler.php): failed to open stream: No such file or directory in /home/exbcca/paysprint.net/paysprint/vendor/composer/ClassLoader.php:480
Stack trace:
#0 /home/exbcca/paysprint.net/paysprint/vendor/composer/ClassLoader.php(480): Illuminate\Foundation\Bootstrap\HandleExceptions->handleError(2, 'include(/home/e...', '/home/exbcca/pa...', 480, Array)
#1 /home/exbcca/paysprint.net/paysprint/vendor/composer/ClassLoader.php(480): include()
#2 /home/exbcca/paysprint.net/paysprint/vendor/composer/ClassLoader.php(346): Composer\Autoload\includeFile('/home/exbcca/pa...')
#3 [internal function]: Composer\Autoload\ClassLoader->loadClass('App\\Exceptions\\...')
#4 [internal function]: spl_autoload_call('App\\Exceptions\\...')
#5 /home/exbcca/paysprint.net/paysprint/vendor/laravel/framework/src/Illuminate/Container/Container.php(767): ReflectionClass->__construct('App\\Exceptions\\...')
#6 /home/exbcca/paysprint.net/ in /home/exbcca/paysprint.net/paysprint/vendor/composer/ClassLoader.php on line 480
[30-Jul-2021 15:27:02 UTC] PHP Fatal error:  Uncaught ErrorException: include(/home/exbcca/paysprint.net/paysprint/vendor/composer/../../app/Exceptions/Handler.php): failed to open stream: No such file or directory in /home/exbcca/paysprint.net/paysprint/vendor/composer/ClassLoader.php:480
Stack trace:
#0 /home/exbcca/paysprint.net/paysprint/vendor/composer/ClassLoader.php(480): Illuminate\Foundation\Bootstrap\HandleExceptions->handleError(2, 'include(/home/e...', '/home/exbcca/pa...', 480, Array)
#1 /home/exbcca/paysprint.net/paysprint/vendor/composer/ClassLoader.php(480): include()
#2 /home/exbcca/paysprint.net/paysprint/vendor/composer/ClassLoader.php(346): Composer\Autoload\includeFile('/home/exbcca/pa...')
#3 [internal function]: Composer\Autoload\ClassLoader->loadClass('App\\Exceptions\\...')
#4 [internal function]: spl_autoload_call('App\\Exceptions\\...')
#5 /home/exbcca/paysprint.net/paysprint/vendor/laravel/framework/src/Illuminate/Container/Container.php(767): ReflectionClass->__construct('App\\Exceptions\\...')
#6 /home/exbcca/paysprint.net/ in /home/exbcca/paysprint.net/paysprint/vendor/composer/ClassLoader.php on line 480
[01-Aug-2021 04:04:12 UTC] PHP Fatal error:  Maximum execution time of 30 seconds exceeded in /home/exbcca/paysprint.net/paysprint/vendor/swiftmailer/swiftmailer/lib/classes/Swift/Transport/StreamBuffer.php on line 94
[02-Aug-2021 04:04:26 UTC] PHP Fatal error:  Maximum execution time of 30 seconds exceeded in /home/exbcca/paysprint.net/paysprint/vendor/laravel/framework/src/Illuminate/Database/Eloquent/Model.php on line 1304
[02-Aug-2021 15:26:51 UTC] PHP Fatal error:  Uncaught ErrorException: include(/home/exbcca/paysprint.net/paysprint/vendor/composer/../../app/Exceptions/Handler.php): failed to open stream: No such file or directory in /home/exbcca/paysprint.net/paysprint/vendor/composer/ClassLoader.php:480
Stack trace:
#0 /home/exbcca/paysprint.net/paysprint/vendor/composer/ClassLoader.php(480): Illuminate\Foundation\Bootstrap\HandleExceptions->handleError(2, 'include(/home/e...', '/home/exbcca/pa...', 480, Array)
#1 /home/exbcca/paysprint.net/paysprint/vendor/composer/ClassLoader.php(480): include()
#2 /home/exbcca/paysprint.net/paysprint/vendor/composer/ClassLoader.php(346): Composer\Autoload\includeFile('/home/exbcca/pa...')
#3 [internal function]: Composer\Autoload\ClassLoader->loadClass('App\\Exceptions\\...')
#4 [internal function]: spl_autoload_call('App\\Exceptions\\...')
#5 /home/exbcca/paysprint.net/paysprint/vendor/laravel/framework/src/Illuminate/Container/Container.php(767): ReflectionClass->__construct('App\\Exceptions\\...')
#6 /home/exbcca/paysprint.net/ in /home/exbcca/paysprint.net/paysprint/vendor/composer/ClassLoader.php on line 480
[04-Aug-2021 19:26:55 UTC] PHP Fatal error:  Uncaught ErrorException: include(/home/exbcca/paysprint.net/paysprint/vendor/composer/../../app/Exceptions/Handler.php): failed to open stream: No such file or directory in /home/exbcca/paysprint.net/paysprint/vendor/composer/ClassLoader.php:480
Stack trace:
#0 /home/exbcca/paysprint.net/paysprint/vendor/composer/ClassLoader.php(480): Illuminate\Foundation\Bootstrap\HandleExceptions->handleError(2, 'include(/home/e...', '/home/exbcca/pa...', 480, Array)
#1 /home/exbcca/paysprint.net/paysprint/vendor/composer/ClassLoader.php(480): include()
#2 /home/exbcca/paysprint.net/paysprint/vendor/composer/ClassLoader.php(346): Composer\Autoload\includeFile('/home/exbcca/pa...')
#3 [internal function]: Composer\Autoload\ClassLoader->loadClass('App\\Exceptions\\...')
#4 [internal function]: spl_autoload_call('App\\Exceptions\\...')
#5 /home/exbcca/paysprint.net/paysprint/vendor/laravel/framework/src/Illuminate/Container/Container.php(767): ReflectionClass->__construct('App\\Exceptions\\...')
#6 /home/exbcca/paysprint.net/ in /home/exbcca/paysprint.net/paysprint/vendor/composer/ClassLoader.php on line 480
[05-Aug-2021 11:34:56 UTC] PHP Fatal error:  Uncaught ErrorException: include(/home/exbcca/paysprint.net/paysprint/vendor/composer/../../app/Exceptions/Handler.php): failed to open stream: No such file or directory in /home/exbcca/paysprint.net/paysprint/vendor/composer/ClassLoader.php:480
Stack trace:
#0 /home/exbcca/paysprint.net/paysprint/vendor/composer/ClassLoader.php(480): Illuminate\Foundation\Bootstrap\HandleExceptions->handleError(2, 'include(/home/e...', '/home/exbcca/pa...', 480, Array)
#1 /home/exbcca/paysprint.net/paysprint/vendor/composer/ClassLoader.php(480): include()
#2 /home/exbcca/paysprint.net/paysprint/vendor/composer/ClassLoader.php(346): Composer\Autoload\includeFile('/home/exbcca/pa...')
#3 [internal function]: Composer\Autoload\ClassLoader->loadClass('App\\Exceptions\\...')
#4 [internal function]: spl_autoload_call('App\\Exceptions\\...')
#5 /home/exbcca/paysprint.net/paysprint/vendor/laravel/framework/src/Illuminate/Container/Container.php(767): ReflectionClass->__construct('App\\Exceptions\\...')
#6 /home/exbcca/paysprint.net/ in /home/exbcca/paysprint.net/paysprint/vendor/composer/ClassLoader.php on line 480
[05-Aug-2021 11:35:01 UTC] PHP Warning:  require(/home/exbcca/paysprint.net/paysprint/vendor/autoload.php): failed to open stream: No such file or directory in /home/exbcca/paysprint.net/index.php on line 25
[05-Aug-2021 11:35:01 UTC] PHP Fatal error:  require(): Failed opening required '/home/exbcca/paysprint.net/paysprint/vendor/autoload.php' (include_path='.:/opt/cpanel/ea-php74/root/usr/share/pear') in /home/exbcca/paysprint.net/index.php on line 25
[05-Aug-2021 11:35:01 UTC] PHP Warning:  require(/home/exbcca/paysprint.net/paysprint/vendor/autoload.php): failed to open stream: No such file or directory in /home/exbcca/paysprint.net/index.php on line 25
[05-Aug-2021 11:35:01 UTC] PHP Warning:  require(/home/exbcca/paysprint.net/paysprint/vendor/autoload.php): failed to open stream: No such file or directory in /home/exbcca/paysprint.net/index.php on line 25
[05-Aug-2021 11:35:01 UTC] PHP Fatal error:  require(): Failed opening required '/home/exbcca/paysprint.net/paysprint/vendor/autoload.php' (include_path='.:/opt/cpanel/ea-php74/root/usr/share/pear') in /home/exbcca/paysprint.net/index.php on line 25
[05-Aug-2021 11:35:01 UTC] PHP Warning:  require(/home/exbcca/paysprint.net/paysprint/vendor/autoload.php): failed to open stream: No such file or directory in /home/exbcca/paysprint.net/index.php on line 25
[05-Aug-2021 11:35:01 UTC] PHP Fatal error:  require(): Failed opening required '/home/exbcca/paysprint.net/paysprint/vendor/autoload.php' (include_path='.:/opt/cpanel/ea-php74/root/usr/share/pear') in /home/exbcca/paysprint.net/index.php on line 25
[05-Aug-2021 11:35:01 UTC] PHP Fatal error:  require(): Failed opening required '/home/exbcca/paysprint.net/paysprint/vendor/autoload.php' (include_path='.:/opt/cpanel/ea-php74/root/usr/share/pear') in /home/exbcca/paysprint.net/index.php on line 25
[05-Aug-2021 11:35:01 UTC] PHP Warning:  require(/home/exbcca/paysprint.net/paysprint/vendor/autoload.php): failed to open stream: No such file or directory in /home/exbcca/paysprint.net/index.php on line 25
[05-Aug-2021 11:35:01 UTC] PHP Fatal error:  require(): Failed opening required '/home/exbcca/paysprint.net/paysprint/vendor/autoload.php' (include_path='.:/opt/cpanel/ea-php74/root/usr/share/pear') in /home/exbcca/paysprint.net/index.php on line 25
[05-Aug-2021 11:35:01 UTC] PHP Warning:  require(/home/exbcca/paysprint.net/paysprint/vendor/autoload.php): failed to open stream: No such file or directory in /home/exbcca/paysprint.net/index.php on line 25
[05-Aug-2021 11:35:01 UTC] PHP Fatal error:  require(): Failed opening required '/home/exbcca/paysprint.net/paysprint/vendor/autoload.php' (include_path='.:/opt/cpanel/ea-php74/root/usr/share/pear') in /home/exbcca/paysprint.net/index.php on line 25
[05-Aug-2021 11:35:01 UTC] PHP Warning:  require(/home/exbcca/paysprint.net/paysprint/vendor/autoload.php): failed to open stream: No such file or directory in /home/exbcca/paysprint.net/index.php on line 25
[05-Aug-2021 11:35:01 UTC] PHP Fatal error:  require(): Failed opening required '/home/exbcca/paysprint.net/paysprint/vendor/autoload.php' (include_path='.:/opt/cpanel/ea-php74/root/usr/share/pear') in /home/exbcca/paysprint.net/index.php on line 25
[05-Aug-2021 11:46:01 UTC] PHP Warning:  require(/home/exbcca/paysprint.net/paysprint/vendor/autoload.php): failed to open stream: No such file or directory in /home/exbcca/paysprint.net/index.php on line 25
[05-Aug-2021 11:46:01 UTC] PHP Fatal error:  require(): Failed opening required '/home/exbcca/paysprint.net/paysprint/vendor/autoload.php' (include_path='.:/opt/cpanel/ea-php74/root/usr/share/pear') in /home/exbcca/paysprint.net/index.php on line 25
[05-Aug-2021 11:46:01 UTC] PHP Warning:  require(/home/exbcca/paysprint.net/paysprint/vendor/autoload.php): failed to open stream: No such file or directory in /home/exbcca/paysprint.net/index.php on line 25
[05-Aug-2021 11:46:01 UTC] PHP Fatal error:  require(): Failed opening required '/home/exbcca/paysprint.net/paysprint/vendor/autoload.php' (include_path='.:/opt/cpanel/ea-php74/root/usr/share/pear') in /home/exbcca/paysprint.net/index.php on line 25
[05-Aug-2021 11:46:01 UTC] PHP Warning:  require(/home/exbcca/paysprint.net/paysprint/vendor/autoload.php): failed to open stream: No such file or directory in /home/exbcca/paysprint.net/index.php on line 25
[05-Aug-2021 11:46:01 UTC] PHP Fatal error:  require(): Failed opening required '/home/exbcca/paysprint.net/paysprint/vendor/autoload.php' (include_path='.:/opt/cpanel/ea-php74/root/usr/share/pear') in /home/exbcca/paysprint.net/index.php on line 25
[05-Aug-2021 11:46:01 UTC] PHP Warning:  require(/home/exbcca/paysprint.net/paysprint/vendor/autoload.php): failed to open stream: No such file or directory in /home/exbcca/paysprint.net/index.php on line 25
[05-Aug-2021 11:46:01 UTC] PHP Fatal error:  require(): Failed opening required '/home/exbcca/paysprint.net/paysprint/vendor/autoload.php' (include_path='.:/opt/cpanel/ea-php74/root/usr/share/pear') in /home/exbcca/paysprint.net/index.php on line 25
[05-Aug-2021 11:46:01 UTC] PHP Warning:  require(/home/exbcca/paysprint.net/paysprint/vendor/autoload.php): failed to open stream: No such file or directory in /home/exbcca/paysprint.net/index.php on line 25
[05-Aug-2021 11:46:01 UTC] PHP Fatal error:  require(): Failed opening required '/home/exbcca/paysprint.net/paysprint/vendor/autoload.php' (include_path='.:/opt/cpanel/ea-php74/root/usr/share/pear') in /home/exbcca/paysprint.net/index.php on line 25
[05-Aug-2021 11:46:01 UTC] PHP Warning:  require(/home/exbcca/paysprint.net/paysprint/vendor/autoload.php): failed to open stream: No such file or directory in /home/exbcca/paysprint.net/index.php on line 25
[05-Aug-2021 11:46:01 UTC] PHP Fatal error:  require(): Failed opening required '/home/exbcca/paysprint.net/paysprint/vendor/autoload.php' (include_path='.:/opt/cpanel/ea-php74/root/usr/share/pear') in /home/exbcca/paysprint.net/index.php on line 25
[05-Aug-2021 11:47:01 UTC] PHP Warning:  require(/home/exbcca/paysprint.net/paysprint/vendor/autoload.php): failed to open stream: No such file or directory in /home/exbcca/paysprint.net/index.php on line 25
[05-Aug-2021 11:47:01 UTC] PHP Fatal error:  require(): Failed opening required '/home/exbcca/paysprint.net/paysprint/vendor/autoload.php' (include_path='.:/opt/cpanel/ea-php74/root/usr/share/pear') in /home/exbcca/paysprint.net/index.php on line 25
[05-Aug-2021 11:47:01 UTC] PHP Warning:  require(/home/exbcca/paysprint.net/paysprint/vendor/autoload.php): failed to open stream: No such file or directory in /home/exbcca/paysprint.net/index.php on line 25
[05-Aug-2021 11:47:01 UTC] PHP Fatal error:  require(): Failed opening required '/home/exbcca/paysprint.net/paysprint/vendor/autoload.php' (include_path='.:/opt/cpanel/ea-php74/root/usr/share/pear') in /home/exbcca/paysprint.net/index.php on line 25
[05-Aug-2021 11:47:01 UTC] PHP Warning:  require(/home/exbcca/paysprint.net/paysprint/vendor/autoload.php): failed to open stream: No such file or directory in /home/exbcca/paysprint.net/index.php on line 25
[05-Aug-2021 11:47:01 UTC] PHP Fatal error:  require(): Failed opening required '/home/exbcca/paysprint.net/paysprint/vendor/autoload.php' (include_path='.:/opt/cpanel/ea-php74/root/usr/share/pear') in /home/exbcca/paysprint.net/index.php on line 25
[05-Aug-2021 11:47:01 UTC] PHP Warning:  require(/home/exbcca/paysprint.net/paysprint/vendor/autoload.php): failed to open stream: No such file or directory in /home/exbcca/paysprint.net/index.php on line 25
[05-Aug-2021 11:47:01 UTC] PHP Fatal error:  require(): Failed opening required '/home/exbcca/paysprint.net/paysprint/vendor/autoload.php' (include_path='.:/opt/cpanel/ea-php74/root/usr/share/pear') in /home/exbcca/paysprint.net/index.php on line 25
[05-Aug-2021 11:47:01 UTC] PHP Warning:  require(/home/exbcca/paysprint.net/paysprint/vendor/autoload.php): failed to open stream: No such file or directory in /home/exbcca/paysprint.net/index.php on line 25
[05-Aug-2021 11:47:01 UTC] PHP Fatal error:  require(): Failed opening required '/home/exbcca/paysprint.net/paysprint/vendor/autoload.php' (include_path='.:/opt/cpanel/ea-php74/root/usr/share/pear') in /home/exbcca/paysprint.net/index.php on line 25
[05-Aug-2021 11:47:01 UTC] PHP Warning:  require(/home/exbcca/paysprint.net/paysprint/vendor/autoload.php): failed to open stream: No such file or directory in /home/exbcca/paysprint.net/index.php on line 25
[05-Aug-2021 11:47:01 UTC] PHP Fatal error:  require(): Failed opening required '/home/exbcca/paysprint.net/paysprint/vendor/autoload.php' (include_path='.:/opt/cpanel/ea-php74/root/usr/share/pear') in /home/exbcca/paysprint.net/index.php on line 25
[05-Aug-2021 11:54:02 UTC] PHP Warning:  require(/home/exbcca/paysprint.net/paysprint/vendor/autoload.php): failed to open stream: No such file or directory in /home/exbcca/paysprint.net/index.php on line 25
[05-Aug-2021 11:54:02 UTC] PHP Fatal error:  require(): Failed opening required '/home/exbcca/paysprint.net/paysprint/vendor/autoload.php' (include_path='.:/opt/cpanel/ea-php74/root/usr/share/pear') in /home/exbcca/paysprint.net/index.php on line 25
[05-Aug-2021 11:54:02 UTC] PHP Warning:  require(/home/exbcca/paysprint.net/paysprint/vendor/autoload.php): failed to open stream: No such file or directory in /home/exbcca/paysprint.net/index.php on line 25
[05-Aug-2021 11:54:02 UTC] PHP Fatal error:  require(): Failed opening required '/home/exbcca/paysprint.net/paysprint/vendor/autoload.php' (include_path='.:/opt/cpanel/ea-php74/root/usr/share/pear') in /home/exbcca/paysprint.net/index.php on line 25
[05-Aug-2021 11:54:02 UTC] PHP Warning:  require(/home/exbcca/paysprint.net/paysprint/vendor/autoload.php): failed to open stream: No such file or directory in /home/exbcca/paysprint.net/index.php on line 25
[05-Aug-2021 11:54:02 UTC] PHP Fatal error:  require(): Failed opening required '/home/exbcca/paysprint.net/paysprint/vendor/autoload.php' (include_path='.:/opt/cpanel/ea-php74/root/usr/share/pear') in /home/exbcca/paysprint.net/index.php on line 25
[05-Aug-2021 11:54:02 UTC] PHP Warning:  require(/home/exbcca/paysprint.net/paysprint/vendor/autoload.php): failed to open stream: No such file or directory in /home/exbcca/paysprint.net/index.php on line 25
[05-Aug-2021 11:54:02 UTC] PHP Fatal error:  require(): Failed opening required '/home/exbcca/paysprint.net/paysprint/vendor/autoload.php' (include_path='.:/opt/cpanel/ea-php74/root/usr/share/pear') in /home/exbcca/paysprint.net/index.php on line 25
[05-Aug-2021 11:54:02 UTC] PHP Warning:  require(/home/exbcca/paysprint.net/paysprint/vendor/autoload.php): failed to open stream: No such file or directory in /home/exbcca/paysprint.net/index.php on line 25
[05-Aug-2021 11:54:02 UTC] PHP Warning:  require(/home/exbcca/paysprint.net/paysprint/vendor/autoload.php): failed to open stream: No such file or directory in /home/exbcca/paysprint.net/index.php on line 25
[05-Aug-2021 11:54:02 UTC] PHP Fatal error:  require(): Failed opening required '/home/exbcca/paysprint.net/paysprint/vendor/autoload.php' (include_path='.:/opt/cpanel/ea-php74/root/usr/share/pear') in /home/exbcca/paysprint.net/index.php on line 25
[05-Aug-2021 11:54:02 UTC] PHP Fatal error:  require(): Failed opening required '/home/exbcca/paysprint.net/paysprint/vendor/autoload.php' (include_path='.:/opt/cpanel/ea-php74/root/usr/share/pear') in /home/exbcca/paysprint.net/index.php on line 25
